<?xml version="1.0" encoding="UTF-8"?>
<testng-results ignored="0" total="3" passed="3" failed="0" skipped="0">
  <reporter-output>
  </reporter-output>
  <suite started-at="2021-08-09T11:35:15 CEST" name="Suite" finished-at="2021-08-09T11:36:03 CEST" duration-ms="47497">
    <groups>
      <group name="cucumber">
        <method signature="AbstractTestNGCucumberTests.runScenario(io.cucumber.testng.PickleWrapper,io.cucumber.testng.FeatureWrapper)[pri:0, instance:runner.TestRunnerTest@67d48005]" name="runScenario" class="io.cucumber.testng.AbstractTestNGCucumberTests"/>
      </group> <!-- cucumber -->
    </groups>
    <test started-at="2021-08-09T11:35:15 CEST" name="Test" finished-at="2021-08-09T11:36:03 CEST" duration-ms="47497">
      <class name="runner.TestRunnerTest">
        <test-method is-config="true" signature="setUpClass()[pri:0, instance:runner.TestRunnerTest@67d48005]" started-at="2021-08-09T11:35:15 CEST" name="setUpClass" finished-at="2021-08-09T11:35:15 CEST" duration-ms="421" status="PASS">
          <reporter-output>
          </reporter-output>
        </test-method> <!-- setUpClass -->
        <test-method signature="runScenario(io.cucumber.testng.PickleWrapper,io.cucumber.testng.FeatureWrapper)[pri:0, instance:runner.TestRunnerTest@67d48005]" started-at="2021-08-09T11:35:15 CEST" name="runScenario" description="Runs Cucumber Scenarios" data-provider="scenarios" finished-at="2021-08-09T11:35:38 CEST" duration-ms="22287" status="PASS">
          <params>
            <param index="0">
              <value>
                <![CDATA["An already registered user cannot create a new account with the same e-mail"]]>
              </value>
            </param>
            <param index="1">
              <value>
                <![CDATA["Optional[Login Feature]"]]>
              </value>
            </param>
          </params>
          <reporter-output>
          </reporter-output>
        </test-method> <!-- runScenario -->
        <test-method signature="runScenario(io.cucumber.testng.PickleWrapper,io.cucumber.testng.FeatureWrapper)[pri:0, instance:runner.TestRunnerTest@67d48005]" started-at="2021-08-09T11:35:38 CEST" name="runScenario" description="Runs Cucumber Scenarios" data-provider="scenarios" finished-at="2021-08-09T11:35:52 CEST" duration-ms="13984" status="PASS">
          <params>
            <param index="0">
              <value>
                <![CDATA["e-mail address matches on account creation page"]]>
              </value>
            </param>
            <param index="1">
              <value>
                <![CDATA["Optional[Login Feature]"]]>
              </value>
            </param>
          </params>
          <reporter-output>
          </reporter-output>
        </test-method> <!-- runScenario -->
        <test-method signature="runScenario(io.cucumber.testng.PickleWrapper,io.cucumber.testng.FeatureWrapper)[pri:0, instance:runner.TestRunnerTest@67d48005]" started-at="2021-08-09T11:35:52 CEST" name="runScenario" description="Runs Cucumber Scenarios" data-provider="scenarios" finished-at="2021-08-09T11:36:02 CEST" duration-ms="10697" status="PASS">
          <params>
            <param index="0">
              <value>
                <![CDATA["Login as a authenticated user"]]>
              </value>
            </param>
            <param index="1">
              <value>
                <![CDATA["Optional[Login Feature]"]]>
              </value>
            </param>
          </params>
          <reporter-output>
          </reporter-output>
        </test-method> <!-- runScenario -->
        <test-method is-config="true" signature="tearDownClass()[pri:0, instance:runner.TestRunnerTest@67d48005]" started-at="2021-08-09T11:36:02 CEST" name="tearDownClass" finished-at="2021-08-09T11:36:03 CEST" duration-ms="66" status="PASS">
          <reporter-output>
          </reporter-output>
        </test-method> <!-- tearDownClass -->
      </class> <!-- runner.TestRunnerTest -->
    </test> <!-- Test -->
  </suite> <!-- Suite -->
</testng-results>
